Started by user [8mha:////4MT80yyQN1D/HAymsweg0uuW7gLXm/5gqDqJGrG6mIUVAAAAoR+LCAAAAAAAAP9b85aBtbiIQTGjNKU4P08vOT+vOD8nVc83PyU1x6OyILUoJzMv2y+/JJUBAhiZGBgqihhk0NSjKDWzXb3RdlLBUSYGJk8GtpzUvPSSDB8G5tKinBIGIZ+sxLJE/ZzEvHT94JKizLx0a6BxUmjGOUNodHsLgAz+EgZR/dLi1CL9rPy8jMrizJyy1KKMxLwUADJTFwfKAAAA[0mJonhySilverhand
Running as SYSTEM
–°–æ–±–∏—Ä–∞–µ—Ç—Å—è —É–¥–∞–ª–µ–Ω–Ω–æ –Ω–∞ [8mha:////4KQv2I+hhkmtCbyqPuXAtWp6wX+tgB99gv4LLK7KfW4tAAAApR+LCAAAAAAAAP9b85aBtbiIQTGjNKU4P08vOT+vOD8nVc83PyU1x6OyILUoJzMv2y+/JJUBAhiZGBgqihhk0NSjKDWzXb3RdlLBUSYGJk8GtpzUvPSSDB8G5tKinBIGIZ+sxLJE/ZzEvHT94JKizLx0a6BxUmjGOUNodHsLgAz+EgZJ/eT83ILSktQifRfXYO8Q/wBdA0/zAG9/VwAeSDV7zgAAAA==[0mDESKTOP-0I7PKOE (win10 x64) in workspace D:\University\5th_term\Testing\Lab05\slave\workspace\Bring It On
The recommended git tool is: NONE
No credentials specified
Cloning the remote Git repository
Cloning repository https://github.com/vitalliuss/helloci
 > D:\GIT\Git\cmd\git.exe init D:\University\5th_term\Testing\Lab05\slave\workspace\Bring It On # timeout=10
Fetching upstream changes from https://github.com/vitalliuss/helloci
 > D:\GIT\Git\cmd\git.exe --version # timeout=10
 > git --version # 'git version 2.39.1.windows.1'
 > D:\GIT\Git\cmd\git.exe fetch --tags --force --progress -- https://github.com/vitalliuss/helloci +refs/heads/*:refs/remotes/origin/* # timeout=10
 > D:\GIT\Git\cmd\git.exe config remote.origin.url https://github.com/vitalliuss/helloci # timeout=10
 > D:\GIT\Git\cmd\git.exe config --add remote.origin.fetch +refs/heads/*:refs/remotes/origin/* # timeout=10
Avoid second fetch
 > D:\GIT\Git\cmd\git.exe rev-parse "refs/remotes/origin/master^{commit}" # timeout=10
Checking out Revision 71518a34152cb6c6039a2443ced60af30a31f14c (refs/remotes/origin/master)
 > D:\GIT\Git\cmd\git.exe config core.sparsecheckout # timeout=10
 > D:\GIT\Git\cmd\git.exe checkout -f 71518a34152cb6c6039a2443ced60af30a31f14c # timeout=10
Commit message: "Merge pull request #16 from EvgeniyRozhenko/fix-pom-utf8"
 > D:\GIT\Git\cmd\git.exe rev-list --no-walk 71518a34152cb6c6039a2443ced60af30a31f14c # timeout=10
[Bring It On] $ cmd.exe /C "D:\apache-maven-3.9.5\bin\mvn.cmd -f Java/pom.xml test && exit %%ERRORLEVEL%%"
[INFO] Scanning for projects...
[INFO] 
[INFO] ---------------< com.github.vitalliuss.helloci:hello-ci >---------------
[INFO] Building hello-ci 1.0-SNAPSHOT
[INFO]   from pom.xml
[INFO] --------------------------------[ jar ]---------------------------------
Downloading from central: https://repo.maven.apache.org/maven2/org/apache/maven/plugins/maven-surefire-plugin/3.0.0-M1/maven-surefire-plugin-3.0.0-M1.pom
Progress (1): 1.4/6.4 kBProgress (1): 2.8/6.4 kBProgress (1): 4.1/6.4 kBProgress (1): 5.5/6.4 kBProgress (1): 6.4 kB                        Downloaded from central: https://repo.maven.apache.org/maven2/org/apache/maven/plugins/maven-surefire-plugin/3.0.0-M1/maven-surefire-plugin-3.0.0-M1.pom (6.4 kB at 5.6 kB/s)
Downloading from central: https://repo.maven.apache.org/maven2/org/apache/maven/surefire/surefire/3.0.0-M1/surefire-3.0.0-M1.pom
Progress (1): 1.4/22 kBProgress (1): 2.8/22 kBProgress (1): 4.1/22 kBProgress (1): 5.5/22 kBProgress (1): 6.9/22 kBProgress (1): 8.3/22 kBProgress (1): 9.7/22 kBProgress (1): 11/22 kB Progress (1): 12/22 kBProgress (1): 14/22 kBProgress (1): 15/22 kBProgress (1): 17/22 kBProgress (1): 18/22 kBProgress (1): 19/22 kBProgress (1): 21/22 kBProgress (1): 22/22 kBProgress (1): 22 kB                      Downloaded from central: https://repo.maven.apache.org/maven2/org/apache/maven/surefire/surefire/3.0.0-M1/surefire-3.0.0-M1.pom (22 kB at 153 kB/s)
Downloading from central: https://repo.maven.apache.org/maven2/org/apache/maven/plugins/maven-surefire-plugin/3.0.0-M1/maven-surefire-plugin-3.0.0-M1.jar
Progress (1): 16/40 kBProgress (1): 33/40 kBProgress (1): 40 kB                      Downloaded from central: https://repo.maven.apache.org/maven2/org/apache/maven/plugins/maven-surefire-plugin/3.0.0-M1/maven-surefire-plugin-3.0.0-M1.jar (40 kB at 274 kB/s)
Downloading from central: https://repo.maven.apache.org/maven2/junit/junit/4.13.2/junit-4.13.2.pom
Progress (1): 16/27 kBProgress (1): 27 kB                      Downloaded from central: https://repo.maven.apache.org/maven2/junit/junit/4.13.2/junit-4.13.2.pom (27 kB at 221 kB/s)
Downloading from central: https://repo.maven.apache.org/maven2/junit/junit/4.13.2/junit-4.13.2.jar
Progress (1): 16/385 kBProgress (1): 33/385 kBProgress (1): 49/385 kBProgress (1): 66/385 kBProgress (1): 82/385 kBProgress (1): 98/385 kBProgress (1): 115/385 kBProgress (1): 131/385 kBProgress (1): 147/385 kBProgress (1): 164/385 kBProgress (1): 180/385 kBProgress (1): 197/385 kBProgress (1): 213/385 kBProgress (1): 229/385 kBProgress (1): 246/385 kBProgress (1): 262/385 kBProgress (1): 279/385 kBProgress (1): 295/385 kBProgress (1): 311/385 kBProgress (1): 328/385 kBProgress (1): 344/385 kBProgress (1): 360/385 kBProgress (1): 377/385 kBProgress (1): 385 kB                        Downloaded from central: https://repo.maven.apache.org/maven2/junit/junit/4.13.2/junit-4.13.2.jar (385 kB at 742 kB/s)
[INFO] 
[INFO] --- resources:3.3.1:resources (default-resources) @ hello-ci ---
[INFO] skip non existing resourceDirectory D:\University\5th_term\Testing\Lab05\slave\workspace\Bring It On\Java\src\main\resources
[INFO] 
[INFO] --- compiler:3.11.0:compile (default-compile) @ hello-ci ---
[INFO] Changes detected - recompiling the module! :source
[INFO] Compiling 2 source files with javac [debug target 1.8] to target\classes
[8mha:////4Oj+qdWmcCDdKkRXbImgE/R73L79SZVU0UcOB2nJkM74AAAAYh+LCAAAAAAAAP9b85aBtbiIQSWjNKU4P0+vJLE4u1gvPjexLDVPzxdEhicW5WXmpfvll6SeOJwgmrt9CSsTA0NFEYMUVEtyfl5xfk6qnjOEBilkgABGkMICAEQzmI1iAAAA[0m[WARNING] bootstrap class path not set in conjunction with -source 8
[8mha:////4Oj+qdWmcCDdKkRXbImgE/R73L79SZVU0UcOB2nJkM74AAAAYh+LCAAAAAAAAP9b85aBtbiIQSWjNKU4P0+vJLE4u1gvPjexLDVPzxdEhicW5WXmpfvll6SeOJwgmrt9CSsTA0NFEYMUVEtyfl5xfk6qnjOEBilkgABGkMICAEQzmI1iAAAA[0m[WARNING] source value 8 is obsolete and will be removed in a future release
[8mha:////4Oj+qdWmcCDdKkRXbImgE/R73L79SZVU0UcOB2nJkM74AAAAYh+LCAAAAAAAAP9b85aBtbiIQSWjNKU4P0+vJLE4u1gvPjexLDVPzxdEhicW5WXmpfvll6SeOJwgmrt9CSsTA0NFEYMUVEtyfl5xfk6qnjOEBilkgABGkMICAEQzmI1iAAAA[0m[WARNING] target value 8 is obsolete and will be removed in a future release
[8mha:////4Oj+qdWmcCDdKkRXbImgE/R73L79SZVU0UcOB2nJkM74AAAAYh+LCAAAAAAAAP9b85aBtbiIQSWjNKU4P0+vJLE4u1gvPjexLDVPzxdEhicW5WXmpfvll6SeOJwgmrt9CSsTA0NFEYMUVEtyfl5xfk6qnjOEBilkgABGkMICAEQzmI1iAAAA[0m[WARNING] To suppress warnings about obsolete options, use -Xlint:-options.
[INFO] 
[INFO] --- resources:3.3.1:testResources (default-testResources) @ hello-ci ---
[INFO] skip non existing resourceDirectory D:\University\5th_term\Testing\Lab05\slave\workspace\Bring It On\Java\src\test\resources
[INFO] 
[INFO] --- compiler:3.11.0:testCompile (default-testCompile) @ hello-ci ---
[INFO] Changes detected - recompiling the module! :dependency
[INFO] Compiling 1 source file with javac [debug target 1.8] to target\test-classes
[8mha:////4Oj+qdWmcCDdKkRXbImgE/R73L79SZVU0UcOB2nJkM74AAAAYh+LCAAAAAAAAP9b85aBtbiIQSWjNKU4P0+vJLE4u1gvPjexLDVPzxdEhicW5WXmpfvll6SeOJwgmrt9CSsTA0NFEYMUVEtyfl5xfk6qnjOEBilkgABGkMICAEQzmI1iAAAA[0m[WARNING] bootstrap class path not set in conjunction with -source 8
[8mha:////4Oj+qdWmcCDdKkRXbImgE/R73L79SZVU0UcOB2nJkM74AAAAYh+LCAAAAAAAAP9b85aBtbiIQSWjNKU4P0+vJLE4u1gvPjexLDVPzxdEhicW5WXmpfvll6SeOJwgmrt9CSsTA0NFEYMUVEtyfl5xfk6qnjOEBilkgABGkMICAEQzmI1iAAAA[0m[WARNING] source value 8 is obsolete and will be removed in a future release
[8mha:////4Oj+qdWmcCDdKkRXbImgE/R73L79SZVU0UcOB2nJkM74AAAAYh+LCAAAAAAAAP9b85aBtbiIQSWjNKU4P0+vJLE4u1gvPjexLDVPzxdEhicW5WXmpfvll6SeOJwgmrt9CSsTA0NFEYMUVEtyfl5xfk6qnjOEBilkgABGkMICAEQzmI1iAAAA[0m[WARNING] target value 8 is obsolete and will be removed in a future release
[8mha:////4Oj+qdWmcCDdKkRXbImgE/R73L79SZVU0UcOB2nJkM74AAAAYh+LCAAAAAAAAP9b85aBtbiIQSWjNKU4P0+vJLE4u1gvPjexLDVPzxdEhicW5WXmpfvll6SeOJwgmrt9CSsTA0NFEYMUVEtyfl5xfk6qnjOEBilkgABGkMICAEQzmI1iAAAA[0m[WARNING] To suppress warnings about obsolete options, use -Xlint:-options.
[INFO] 
[INFO] --- surefire:3.0.0-M1:test (default-test) @ hello-ci ---
Downloading from central: https://repo.maven.apache.org/maven2/org/apache/maven/surefire/maven-surefire-common/3.0.0-M1/maven-surefire-common-3.0.0-M1.pom
Progress (1): 9.7 kB                    Downloaded from central: https://repo.maven.apache.org/maven2/org/apache/maven/surefire/maven-surefire-common/3.0.0-M1/maven-surefire-common-3.0.0-M1.pom (9.7 kB at 82 kB/s)
Downloading from central: https://repo.maven.apache.org/maven2/org/apache/maven/surefire/surefire-api/3.0.0-M1/surefire-api-3.0.0-M1.pom
Progress (1): 3.5 kB                    Downloaded from central: https://repo.maven.apache.org/maven2/org/apache/maven/surefire/surefire-api/3.0.0-M1/surefire-api-3.0.0-M1.pom (3.5 kB at 37 kB/s)
Downloading from central: https://repo.maven.apache.org/maven2/org/apache/maven/surefire/surefire-logger-api/3.0.0-M1/surefire-logger-api-3.0.0-M1.pom
Progress (1): 2.0 kB                    Downloaded from central: https://repo.maven.apache.org/maven2/org/apache/maven/surefire/surefire-logger-api/3.0.0-M1/surefire-logger-api-3.0.0-M1.pom (2.0 kB at 15 kB/s)
Downloading from central: https://repo.maven.apache.org/maven2/org/apache/maven/surefire/surefire-booter/3.0.0-M1/surefire-booter-3.0.0-M1.pom
Progress (1): 7.4 kB                    Downloaded from central: https://repo.maven.apache.org/maven2/org/apache/maven/surefire/surefire-booter/3.0.0-M1/surefire-booter-3.0.0-M1.pom (7.4 kB at 67 kB/s)
Downloading from central: https://repo.maven.apache.org/maven2/org/apache/maven/maven-toolchain/3.0-alpha-2/maven-toolchain-3.0-alpha-2.pom
Progress (1): 2.2 kB                    Downloaded from central: https://repo.maven.apache.org/maven2/org/apache/maven/maven-toolchain/3.0-alpha-2/maven-toolchain-3.0-alpha-2.pom (2.2 kB at 29 kB/s)
Downloading from central: https://repo.maven.apache.org/maven2/org/apache/maven/maven/3.0-alpha-2/maven-3.0-alpha-2.pom
Progress (1): 16/21 kBProgress (1): 21 kB                      Downloaded from central: https://repo.maven.apache.org/maven2/org/apache/maven/maven/3.0-alpha-2/maven-3.0-alpha-2.pom (21 kB at 109 kB/s)
Downloading from central: https://repo.maven.apache.org/maven2/org/apache/maven/maven-compat/3.0/maven-compat-3.0.pom
Progress (1): 4.0 kB                    Downloaded from central: https://repo.maven.apache.org/maven2/org/apache/maven/maven-compat/3.0/maven-compat-3.0.pom (4.0 kB at 41 kB/s)
Downloading from central: https://repo.maven.apache.org/maven2/org/apache/maven/wagon/wagon-provider-api/1.0-beta-6/wagon-provider-api-1.0-beta-6.pom
Progress (1): 1.8 kB                    Downloaded from central: https://repo.maven.apache.org/maven2/org/apache/maven/wagon/wagon-provider-api/1.0-beta-6/wagon-provider-api-1.0-beta-6.pom (1.8 kB at 20 kB/s)
Downloading from central: https://repo.maven.apache.org/maven2/org/apache/maven/wagon/wagon/1.0-beta-6/wagon-1.0-beta-6.pom
Progress (1): 12 kB                   Downloaded from central: https://repo.maven.apache.org/maven2/org/apache/maven/wagon/wagon/1.0-beta-6/wagon-1.0-beta-6.pom (12 kB at 123 kB/s)
Downloading from central: https://repo.maven.apache.org/maven2/org/codehaus/plexus/plexus-java/0.9.11/plexus-java-0.9.11.pom
Progress (1): 4.6 kB                    Downloaded from central: https://repo.maven.apache.org/maven2/org/codehaus/plexus/plexus-java/0.9.11/plexus-java-0.9.11.pom (4.6 kB at 56 kB/s)
Downloading from central: https://repo.maven.apache.org/maven2/org/codehaus/plexus/plexus-languages/0.9.11/plexus-languages-0.9.11.pom
Progress (1): 4.1 kB                    Downloaded from central: https://repo.maven.apache.org/maven2/org/codehaus/plexus/plexus-languages/0.9.11/plexus-languages-0.9.11.pom (4.1 kB at 44 kB/s)
Downloading from central: https://repo.maven.apache.org/maven2/org/ow2/asm/asm/7.0-beta/asm-7.0-beta.pom
Progress (1): 2.9 kB                    Downloaded from central: https://repo.maven.apache.org/maven2/org/ow2/asm/asm/7.0-beta/asm-7.0-beta.pom (2.9 kB at 28 kB/s)
Downloading from central: https://repo.maven.apache.org/maven2/org/apache/maven/surefire/maven-surefire-common/3.0.0-M1/maven-surefire-common-3.0.0-M1.jar
Progress (1): 16/625 kBProgress (1): 33/625 kBProgress (1): 49/625 kBProgress (1): 66/625 kBProgress (1): 82/625 kBProgress (1): 98/625 kBProgress (1): 115/625 kBProgress (1): 131/625 kBProgress (1): 147/625 kBProgress (1): 164/625 kBProgress (1): 180/625 kBProgress (1): 197/625 kBProgress (1): 213/625 kBProgress (1): 229/625 kBProgress (1): 246/625 kBProgress (1): 262/625 kBProgress (1): 279/625 kBProgress (1): 295/625 kBProgress (1): 311/625 kBProgress (1): 328/625 kBProgress (1): 344/625 kBProgress (1): 360/625 kBProgress (1): 377/625 kBProgress (1): 393/625 kBProgress (1): 410/625 kBProgress (1): 426/625 kBProgress (1): 442/625 kBProgress (1): 459/625 kBProgress (1): 475/625 kBProgress (1): 492/625 kBProgress (1): 508/625 kBProgress (1): 524/625 kBProgress (1): 541/625 kBProgress (1): 557/625 kBProgress (1): 573/625 kBProgress (1): 585/625 kBProgress (1): 601/625 kBProgress (1): 617/625 kBProgress (1): 625 kB                        Downloaded from central: https://repo.maven.apache.org/maven2/org/apache/maven/surefire/maven-surefire-common/3.0.0-M1/maven-surefire-common-3.0.0-M1.jar (625 kB at 526 kB/s)
Downloading from central: https://repo.maven.apache.org/maven2/org/apache/maven/surefire/surefire-api/3.0.0-M1/surefire-api-3.0.0-M1.jar
Downloading from central: https://repo.maven.apache.org/maven2/org/apache/maven/surefire/surefire-logger-api/3.0.0-M1/surefire-logger-api-3.0.0-M1.jar
Downloading from central: https://repo.maven.apache.org/maven2/org/apache/maven/surefire/surefire-booter/3.0.0-M1/surefire-booter-3.0.0-M1.jar
Downloading from central: https://repo.maven.apache.org/maven2/org/apache/maven/maven-toolchain/3.0-alpha-2/maven-toolchain-3.0-alpha-2.jar
Downloading from central: https://repo.maven.apache.org/maven2/org/apache/maven/maven-compat/3.0/maven-compat-3.0.jar
Progress (1): 16/178 kBProgress (1): 33/178 kBProgress (1): 49/178 kBProgress (1): 66/178 kBProgress (1): 82/178 kBProgress (1): 98/178 kBProgress (1): 115/178 kBProgress (1): 131/178 kBProgress (1): 147/178 kBProgress (1): 164/178 kBProgress (1): 178 kB                        Downloaded from central: https://repo.maven.apache.org/maven2/org/apache/maven/surefire/surefire-api/3.0.0-M1/surefire-api-3.0.0-M1.jar (178 kB at 382 kB/s)
Downloading from central: https://repo.maven.apache.org/maven2/org/apache/maven/wagon/wagon-provider-api/1.0-beta-6/wagon-provider-api-1.0-beta-6.jar
Progress (1): 1.4/36 kBProgress (1): 2.8/36 kBProgress (1): 4.1/36 kBProgress (1): 5.5/36 kBProgress (2): 5.5/36 kB | 16/312 kBProgress (2): 6.9/36 kB | 16/312 kBProgress (2): 8.3/36 kB | 16/312 kBProgress (2): 9.7/36 kB | 16/312 kBProgress (2): 11/36 kB | 16/312 kB Progress (2): 12/36 kB | 16/312 kBProgress (2): 14/36 kB | 16/312 kBProgress (2): 15/36 kB | 16/312 kBProgress (2): 17/36 kB | 16/312 kBProgress (2): 18/36 kB | 16/312 kBProgress (2): 19/36 kB | 16/312 kBProgress (2): 21/36 kB | 16/312 kBProgress (2): 22/36 kB | 16/312 kBProgress (2): 23/36 kB | 16/312 kBProgress (2): 25/36 kB | 16/312 kBProgress (2): 25/36 kB | 33/312 kBProgress (2): 26/36 kB | 33/312 kBProgress (2): 28/36 kB | 33/312 kBProgress (2): 29/36 kB | 33/312 kBProgress (2): 30/36 kB | 33/312 kBProgress (2): 32/36 kB | 33/312 kBProgress (3): 32/36 kB | 33/312 kB | 1.4/285 kBProgress (3): 33/36 kB | 33/312 kB | 1.4/285 kBProgress (3): 33/36 kB | 33/312 kB | 2.8/285 kBProgress (3): 34/36 kB | 33/312 kB | 2.8/285 kBProgress (3): 36/36 kB | 33/312 kB | 2.8/285 kBProgress (3): 36/36 kB | 33/312 kB | 4.1/285 kBProgress (3): 36 kB | 33/312 kB | 4.1/285 kB   Progress (3): 36 kB | 33/312 kB | 5.5/285 kBProgress (3): 36 kB | 33/312 kB | 6.9/285 kBProgress (3): 36 kB | 33/312 kB | 8.3/285 kBProgress (3): 36 kB | 33/312 kB | 9.7/285 kBProgress (3): 36 kB | 33/312 kB | 11/285 kB Progress (3): 36 kB | 33/312 kB | 12/285 kBProgress (3): 36 kB | 33/312 kB | 14/285 kB                                           Downloaded from central: https://repo.maven.apache.org/maven2/org/apache/maven/maven-toolchain/3.0-alpha-2/maven-toolchain-3.0-alpha-2.jar (36 kB at 70 kB/s)
Downloading from central: https://repo.maven.apache.org/maven2/org/codehaus/plexus/plexus-java/0.9.11/plexus-java-0.9.11.jar
Progress (2): 33/312 kB | 15/285 kBProgress (2): 33/312 kB | 17/285 kBProgress (3): 33/312 kB | 17/285 kB | 1.4/13 kBProgress (3): 33/312 kB | 17/285 kB | 2.8/13 kBProgress (3): 33/312 kB | 17/285 kB | 4.1/13 kBProgress (3): 33/312 kB | 17/285 kB | 5.5/13 kBProgress (3): 33/312 kB | 17/285 kB | 6.9/13 kBProgress (3): 33/312 kB | 17/285 kB | 8.3/13 kBProgress (3): 33/312 kB | 17/285 kB | 9.7/13 kBProgress (3): 33/312 kB | 18/285 kB | 9.7/13 kBProgress (3): 33/312 kB | 18/285 kB | 11/13 kB Progress (3): 33/312 kB | 19/285 kB | 11/13 kBProgress (3): 33/312 kB | 19/285 kB | 12/13 kBProgress (3): 33/312 kB | 21/285 kB | 12/13 kBProgress (3): 33/312 kB | 21/285 kB | 13 kB   Progress (3): 33/312 kB | 22/285 kB | 13 kBProgress (3): 33/312 kB | 23/285 kB | 13 kBProgress (3): 33/312 kB | 25/285 kB | 13 kBProgress (3): 33/312 kB | 26/285 kB | 13 kBProgress (3): 33/312 kB | 28/285 kB | 13 kBProgress (3): 33/312 kB | 29/285 kB | 13 kBProgress (3): 33/312 kB | 30/285 kB | 13 kBProgress (3): 33/312 kB | 32/285 kB | 13 kB                                           Downloaded from central: https://repo.maven.apache.org/maven2/org/apache/maven/surefire/surefire-logger-api/3.0.0-M1/surefire-logger-api-3.0.0-M1.jar (13 kB at 25 kB/s)
Downloading from central: https://repo.maven.apache.org/maven2/org/ow2/asm/asm/7.0-beta/asm-7.0-beta.jar
Progress (2): 33/312 kB | 33/285 kBProgress (2): 33/312 kB | 34/285 kBProgress (2): 33/312 kB | 36/285 kBProgress (2): 49/312 kB | 36/285 kBProgress (3): 49/312 kB | 36/285 kB | 16/53 kBProgress (3): 66/312 kB | 36/285 kB | 16/53 kBProgress (3): 66/312 kB | 37/285 kB | 16/53 kBProgress (3): 66/312 kB | 39/285 kB | 16/53 kBProgress (3): 66/312 kB | 40/285 kB | 16/53 kBProgress (3): 66/312 kB | 41/285 kB | 16/53 kBProgress (3): 66/312 kB | 43/285 kB | 16/53 kBProgress (3): 66/312 kB | 43/285 kB | 33/53 kBProgress (3): 82/312 kB | 43/285 kB | 33/53 kBProgress (3): 82/312 kB | 44/285 kB | 33/53 kBProgress (3): 82/312 kB | 46/285 kB | 33/53 kBProgress (3): 82/312 kB | 47/285 kB | 33/53 kBProgress (3): 82/312 kB | 48/285 kB | 33/53 kBProgress (3): 82/312 kB | 50/285 kB | 33/53 kBProgress (3): 82/312 kB | 51/285 kB | 33/53 kBProgress (3): 82/312 kB | 52/285 kB | 33/53 kBProgress (3): 98/312 kB | 52/285 kB | 33/53 kBProgress (3): 98/312 kB | 54/285 kB | 33/53 kBProgress (3): 98/312 kB | 55/285 kB | 33/53 kBProgress (3): 98/312 kB | 55/285 kB | 49/53 kBProgress (3): 98/312 kB | 57/285 kB | 49/53 kBProgress (3): 98/312 kB | 58/285 kB | 49/53 kBProgress (3): 98/312 kB | 59/285 kB | 49/53 kBProgress (3): 98/312 kB | 61/285 kB | 49/53 kBProgress (3): 98/312 kB | 62/285 kB | 49/53 kBProgress (3): 98/312 kB | 62/285 kB | 49/53 kBProgress (3): 98/312 kB | 62/285 kB | 53 kB                                              Downloaded from central: https://repo.maven.apache.org/maven2/org/apache/maven/wagon/wagon-provider-api/1.0-beta-6/wagon-provider-api-1.0-beta-6.jar (53 kB at 83 kB/s)
Progress (3): 98/312 kB | 62/285 kB | 16/50 kBProgress (4): 98/312 kB | 62/285 kB | 16/50 kB | 1.4/114 kBProgress (4): 98/312 kB | 62/285 kB | 16/50 kB | 2.8/114 kBProgress (4): 98/312 kB | 62/285 kB | 16/50 kB | 4.1/114 kBProgress (4): 115/312 kB | 62/285 kB | 16/50 kB | 4.1/114 kBProgress (4): 115/312 kB | 62/285 kB | 16/50 kB | 5.5/114 kBProgress (4): 115/312 kB | 62/285 kB | 16/50 kB | 6.9/114 kBProgress (4): 115/312 kB | 79/285 kB | 16/50 kB | 6.9/114 kBProgress (4): 115/312 kB | 79/285 kB | 16/50 kB | 8.3/114 kBProgress (4): 115/312 kB | 79/285 kB | 33/50 kB | 8.3/114 kBProgress (4): 115/312 kB | 79/285 kB | 33/50 kB | 9.7/114 kBProgress (4): 131/312 kB | 79/285 kB | 33/50 kB | 9.7/114 kBProgress (4): 131/312 kB | 79/285 kB | 33/50 kB | 11/114 kB Progress (4): 131/312 kB | 79/285 kB | 33/50 kB | 12/114 kBProgress (4): 131/312 kB | 95/285 kB | 33/50 kB | 12/114 kBProgress (4): 131/312 kB | 95/285 kB | 33/50 kB | 14/114 kBProgress (4): 131/312 kB | 95/285 kB | 33/50 kB | 15/114 kBProgress (4): 131/312 kB | 95/285 kB | 33/50 kB | 16/114 kBProgress (4): 131/312 kB | 95/285 kB | 49/50 kB | 16/114 kBProgress (4): 147/312 kB | 95/285 kB | 49/50 kB | 16/114 kBProgress (4): 147/312 kB | 95/285 kB | 50 kB | 16/114 kB                                                           Downloaded from central: https://repo.maven.apache.org/maven2/org/codehaus/plexus/plexus-java/0.9.11/plexus-java-0.9.11.jar (50 kB at 69 kB/s)
Progress (3): 147/312 kB | 111/285 kB | 16/114 kBProgress (3): 164/312 kB | 111/285 kB | 16/114 kBProgress (3): 180/312 kB | 111/285 kB | 16/114 kBProgress (3): 197/312 kB | 111/285 kB | 16/114 kBProgress (3): 197/312 kB | 111/285 kB | 32/114 kBProgress (3): 197/312 kB | 128/285 kB | 32/114 kBProgress (3): 213/312 kB | 128/285 kB | 32/114 kBProgress (3): 229/312 kB | 128/285 kB | 32/114 kBProgress (3): 229/312 kB | 144/285 kB | 32/114 kBProgress (3): 246/312 kB | 144/285 kB | 32/114 kBProgress (3): 246/312 kB | 160/285 kB | 32/114 kBProgress (3): 262/312 kB | 160/285 kB | 32/114 kBProgress (3): 262/312 kB | 177/285 kB | 32/114 kBProgress (3): 262/312 kB | 193/285 kB | 32/114 kBProgress (3): 262/312 kB | 193/285 kB | 49/114 kBProgress (3): 279/312 kB | 193/285 kB | 49/114 kBProgress (3): 279/312 kB | 210/285 kB | 49/114 kBProgress (3): 295/312 kB | 210/285 kB | 49/114 kBProgress (3): 295/312 kB | 210/285 kB | 65/114 kBProgress (3): 295/312 kB | 226/285 kB | 65/114 kBProgress (3): 311/312 kB | 226/285 kB | 65/114 kBProgress (3): 312 kB | 226/285 kB | 65/114 kB                                                 Downloaded from central: https://repo.maven.apache.org/maven2/org/apache/maven/surefire/surefire-booter/3.0.0-M1/surefire-booter-3.0.0-M1.jar (312 kB at 304 kB/s)
Progress (2): 242/285 kB | 65/114 kBProgress (2): 242/285 kB | 81/114 kBProgress (2): 259/285 kB | 81/114 kBProgress (2): 275/285 kB | 81/114 kBProgress (2): 285 kB | 81/114 kB    Progress (2): 285 kB | 98/114 kB                                Downloaded from central: https://repo.maven.apache.org/maven2/org/apache/maven/maven-compat/3.0/maven-compat-3.0.jar (285 kB at 257 kB/s)
Progress (1): 114 kB                    Downloaded from central: https://repo.maven.apache.org/maven2/org/ow2/asm/asm/7.0-beta/asm-7.0-beta.jar (114 kB at 100 kB/s)
Downloading from central: https://repo.maven.apache.org/maven2/org/apache/maven/surefire/surefire-junit4/3.0.0-M1/surefire-junit4-3.0.0-M1.jar
Progress (1): 16/17 kBProgress (1): 17 kB                      Downloaded from central: https://repo.maven.apache.org/maven2/org/apache/maven/surefire/surefire-junit4/3.0.0-M1/surefire-junit4-3.0.0-M1.jar (17 kB at 38 kB/s)
Downloading from central: https://repo.maven.apache.org/maven2/org/apache/maven/surefire/surefire-junit4/3.0.0-M1/surefire-junit4-3.0.0-M1.pom
Progress (1): 1.7 kB                    Downloaded from central: https://repo.maven.apache.org/maven2/org/apache/maven/surefire/surefire-junit4/3.0.0-M1/surefire-junit4-3.0.0-M1.pom (1.7 kB at 18 kB/s)
Downloading from central: https://repo.maven.apache.org/maven2/org/apache/maven/surefire/surefire-providers/3.0.0-M1/surefire-providers-3.0.0-M1.pom
Progress (1): 2.5 kB                    Downloaded from central: https://repo.maven.apache.org/maven2/org/apache/maven/surefire/surefire-providers/3.0.0-M1/surefire-providers-3.0.0-M1.pom (2.5 kB at 16 kB/s)
Downloading from central: https://repo.maven.apache.org/maven2/org/apache/maven/surefire/common-junit4/3.0.0-M1/common-junit4-3.0.0-M1.pom
Progress (1): 2.1 kB                    Downloaded from central: https://repo.maven.apache.org/maven2/org/apache/maven/surefire/common-junit4/3.0.0-M1/common-junit4-3.0.0-M1.pom (2.1 kB at 20 kB/s)
Downloading from central: https://repo.maven.apache.org/maven2/org/apache/maven/surefire/common-junit3/3.0.0-M1/common-junit3-3.0.0-M1.pom
Progress (1): 1.6 kB                    Downloaded from central: https://repo.maven.apache.org/maven2/org/apache/maven/surefire/common-junit3/3.0.0-M1/common-junit3-3.0.0-M1.pom (1.6 kB at 7.8 kB/s)
Downloading from central: https://repo.maven.apache.org/maven2/org/apache/maven/surefire/common-java5/3.0.0-M1/common-java5-3.0.0-M1.pom
Progress (1): 3.1 kB                    Downloaded from central: https://repo.maven.apache.org/maven2/org/apache/maven/surefire/common-java5/3.0.0-M1/common-java5-3.0.0-M1.pom (3.1 kB at 30 kB/s)
Downloading from central: https://repo.maven.apache.org/maven2/org/apache/maven/surefire/common-junit3/3.0.0-M1/common-junit3-3.0.0-M1.jar
Downloading from central: https://repo.maven.apache.org/maven2/org/apache/maven/surefire/common-junit4/3.0.0-M1/common-junit4-3.0.0-M1.jar
Downloading from central: https://repo.maven.apache.org/maven2/org/apache/maven/surefire/common-java5/3.0.0-M1/common-java5-3.0.0-M1.jar
Progress (1): 12 kBProgress (2): 12 kB | 16/32 kBProgress (3): 12 kB | 16/32 kB | 16/28 kB                                         Downloaded from central: https://repo.maven.apache.org/maven2/org/apache/maven/surefire/common-junit3/3.0.0-M1/common-junit3-3.0.0-M1.jar (12 kB at 84 kB/s)
Progress (2): 16/32 kB | 28 kB                              Downloaded from central: https://repo.maven.apache.org/maven2/org/apache/maven/surefire/common-junit4/3.0.0-M1/common-junit4-3.0.0-M1.jar (28 kB at 177 kB/s)
Progress (1): 32 kB                   Downloaded from central: https://repo.maven.apache.org/maven2/org/apache/maven/surefire/common-java5/3.0.0-M1/common-java5-3.0.0-M1.jar (32 kB at 171 kB/s)
[INFO] 
[INFO] -------------------------------------------------------
[INFO]  T E S T S
[INFO] -------------------------------------------------------
[INFO] Running com.github.vitalliuss.helloci.AppTest
[8mha:////4BFZpkmijleqP1uPGwpyRdiIzteC9IlKcDUJwRJNjZo8AAAAYB+LCAAAAAAAAP9b85aBtbiIQSmjNKU4P0+vJLE4u1gvPjexLDVPzxdEuhYV5Rf55Zek1m9pfpLfVWLNxMBQUcQgBdWQnJ9XnJ+TqucMoUEKGSCAEaSwAABqVhoSYAAAAA==[0m[ERROR] Tests run: 5, Failures: 1, Errors: 0, Skipped: 1, Time elapsed: 0.118 s <<< FAILURE! - in com.github.vitalliuss.helloci.AppTest
[8mha:////4BFZpkmijleqP1uPGwpyRdiIzteC9IlKcDUJwRJNjZo8AAAAYB+LCAAAAAAAAP9b85aBtbiIQSmjNKU4P0+vJLE4u1gvPjexLDVPzxdEuhYV5Rf55Zek1m9pfpLfVWLNxMBQUcQgBdWQnJ9XnJ+TqucMoUEKGSCAEaSwAABqVhoSYAAAAA==[0m[ERROR] testShouldBeFailed(com.github.vitalliuss.helloci.AppTest)  Time elapsed: 0.017 s  <<< FAILURE!
java.lang.AssertionError
	at com.github.vitalliuss.helloci.AppTest.testShouldBeFailed(AppTest.java:21)

[INFO] 
[INFO] Results:
[INFO] 
[8mha:////4BFZpkmijleqP1uPGwpyRdiIzteC9IlKcDUJwRJNjZo8AAAAYB+LCAAAAAAAAP9b85aBtbiIQSmjNKU4P0+vJLE4u1gvPjexLDVPzxdEuhYV5Rf55Zek1m9pfpLfVWLNxMBQUcQgBdWQnJ9XnJ+TqucMoUEKGSCAEaSwAABqVhoSYAAAAA==[0m[ERROR] Failures: 
[8mha:////4BFZpkmijleqP1uPGwpyRdiIzteC9IlKcDUJwRJNjZo8AAAAYB+LCAAAAAAAAP9b85aBtbiIQSmjNKU4P0+vJLE4u1gvPjexLDVPzxdEuhYV5Rf55Zek1m9pfpLfVWLNxMBQUcQgBdWQnJ9XnJ+TqucMoUEKGSCAEaSwAABqVhoSYAAAAA==[0m[ERROR]   AppTest.testShouldBeFailed:21
[INFO] 
[8mha:////4BFZpkmijleqP1uPGwpyRdiIzteC9IlKcDUJwRJNjZo8AAAAYB+LCAAAAAAAAP9b85aBtbiIQSmjNKU4P0+vJLE4u1gvPjexLDVPzxdEuhYV5Rf55Zek1m9pfpLfVWLNxMBQUcQgBdWQnJ9XnJ+TqucMoUEKGSCAEaSwAABqVhoSYAAAAA==[0m[ERROR] Tests run: 5, Failures: 1, Errors: 0, Skipped: 1
[INFO] 
[INFO] ------------------------------------------------------------------------
[INFO] BUILD FAILURE
[INFO] ------------------------------------------------------------------------
[INFO] Total time:  12.878 s
[INFO] Finished at: 2023-10-13T12:34:48+03:00
[INFO] ------------------------------------------------------------------------
[8mha:////4BFZpkmijleqP1uPGwpyRdiIzteC9IlKcDUJwRJNjZo8AAAAYB+LCAAAAAAAAP9b85aBtbiIQSmjNKU4P0+vJLE4u1gvPjexLDVPzxdEuhYV5Rf55Zek1m9pfpLfVWLNxMBQUcQgBdWQnJ9XnJ+TqucMoUEKGSCAEaSwAABqVhoSYAAAAA==[0m[ERROR] Failed to execute goal org.apache.maven.plugins:maven-surefire-plugin:3.0.0-M1:test (default-test) on project hello-ci: There are test failures.
[8mha:////4BFZpkmijleqP1uPGwpyRdiIzteC9IlKcDUJwRJNjZo8AAAAYB+LCAAAAAAAAP9b85aBtbiIQSmjNKU4P0+vJLE4u1gvPjexLDVPzxdEuhYV5Rf55Zek1m9pfpLfVWLNxMBQUcQgBdWQnJ9XnJ+TqucMoUEKGSCAEaSwAABqVhoSYAAAAA==[0m[ERROR] 
[8mha:////4BFZpkmijleqP1uPGwpyRdiIzteC9IlKcDUJwRJNjZo8AAAAYB+LCAAAAAAAAP9b85aBtbiIQSmjNKU4P0+vJLE4u1gvPjexLDVPzxdEuhYV5Rf55Zek1m9pfpLfVWLNxMBQUcQgBdWQnJ9XnJ+TqucMoUEKGSCAEaSwAABqVhoSYAAAAA==[0m[ERROR] Please refer to D:\University\5th_term\Testing\Lab05\slave\workspace\Bring It On\Java\target\surefire-reports for the individual test results.
[8mha:////4BFZpkmijleqP1uPGwpyRdiIzteC9IlKcDUJwRJNjZo8AAAAYB+LCAAAAAAAAP9b85aBtbiIQSmjNKU4P0+vJLE4u1gvPjexLDVPzxdEuhYV5Rf55Zek1m9pfpLfVWLNxMBQUcQgBdWQnJ9XnJ+TqucMoUEKGSCAEaSwAABqVhoSYAAAAA==[0m[ERROR] Please refer to dump files (if any exist) [date].dump, [date]-jvmRun[N].dump and [date].dumpstream.
[8mha:////4BFZpkmijleqP1uPGwpyRdiIzteC9IlKcDUJwRJNjZo8AAAAYB+LCAAAAAAAAP9b85aBtbiIQSmjNKU4P0+vJLE4u1gvPjexLDVPzxdEuhYV5Rf55Zek1m9pfpLfVWLNxMBQUcQgBdWQnJ9XnJ+TqucMoUEKGSCAEaSwAABqVhoSYAAAAA==[0m[ERROR] -> [Help 1]
[8mha:////4BFZpkmijleqP1uPGwpyRdiIzteC9IlKcDUJwRJNjZo8AAAAYB+LCAAAAAAAAP9b85aBtbiIQSmjNKU4P0+vJLE4u1gvPjexLDVPzxdEuhYV5Rf55Zek1m9pfpLfVWLNxMBQUcQgBdWQnJ9XnJ+TqucMoUEKGSCAEaSwAABqVhoSYAAAAA==[0m[ERROR] 
[8mha:////4BFZpkmijleqP1uPGwpyRdiIzteC9IlKcDUJwRJNjZo8AAAAYB+LCAAAAAAAAP9b85aBtbiIQSmjNKU4P0+vJLE4u1gvPjexLDVPzxdEuhYV5Rf55Zek1m9pfpLfVWLNxMBQUcQgBdWQnJ9XnJ+TqucMoUEKGSCAEaSwAABqVhoSYAAAAA==[0m[ERROR] To see the full stack trace of the errors, re-run Maven with the -e switch.
[8mha:////4BFZpkmijleqP1uPGwpyRdiIzteC9IlKcDUJwRJNjZo8AAAAYB+LCAAAAAAAAP9b85aBtbiIQSmjNKU4P0+vJLE4u1gvPjexLDVPzxdEuhYV5Rf55Zek1m9pfpLfVWLNxMBQUcQgBdWQnJ9XnJ+TqucMoUEKGSCAEaSwAABqVhoSYAAAAA==[0m[ERROR] Re-run Maven using the -X switch to enable full debug logging.
[8mha:////4BFZpkmijleqP1uPGwpyRdiIzteC9IlKcDUJwRJNjZo8AAAAYB+LCAAAAAAAAP9b85aBtbiIQSmjNKU4P0+vJLE4u1gvPjexLDVPzxdEuhYV5Rf55Zek1m9pfpLfVWLNxMBQUcQgBdWQnJ9XnJ+TqucMoUEKGSCAEaSwAABqVhoSYAAAAA==[0m[ERROR] 
[8mha:////4BFZpkmijleqP1uPGwpyRdiIzteC9IlKcDUJwRJNjZo8AAAAYB+LCAAAAAAAAP9b85aBtbiIQSmjNKU4P0+vJLE4u1gvPjexLDVPzxdEuhYV5Rf55Zek1m9pfpLfVWLNxMBQUcQgBdWQnJ9XnJ+TqucMoUEKGSCAEaSwAABqVhoSYAAAAA==[0m[ERROR] For more information about the errors and possible solutions, please read the following articles:
[8mha:////4BFZpkmijleqP1uPGwpyRdiIzteC9IlKcDUJwRJNjZo8AAAAYB+LCAAAAAAAAP9b85aBtbiIQSmjNKU4P0+vJLE4u1gvPjexLDVPzxdEuhYV5Rf55Zek1m9pfpLfVWLNxMBQUcQgBdWQnJ9XnJ+TqucMoUEKGSCAEaSwAABqVhoSYAAAAA==[0m[ERROR] [Help 1] http://cwiki.apache.org/confluence/display/MAVEN/MojoFailureException
Build step '–í—ã–∑–≤–∞—Ç—å —Ü–µ–ª–∏ Maven –≤–µ—Ä—Ö–Ω–µ–≥–æ —É—Ä–æ–≤–Ω—è  ' marked build as failure
Archiving artifacts
Finished: FAILURE
